<?xml version="1.0" encoding="UTF-8"?>
<testsuite name="com.example.project.TestBookStore" tests="6" skipped="0" failures="0" errors="0" timestamp="2025-01-28T02:05:45" hostname="codespaces-7540a6" time="0.042">
  <properties/>
  <testcase name="testAddBook()" classname="com.example.project.TestBookStore" time="0.008"/>
  <testcase name="testAddUser()" classname="com.example.project.TestBookStore" time="0.003"/>
  <testcase name="testInsertBooK()" classname="com.example.project.TestBookStore" time="0.014"/>
  <testcase name="testRemoveBook()" classname="com.example.project.TestBookStore" time="0.0"/>
  <testcase name="testRemoveUser()" classname="com.example.project.TestBookStore" time="0.001"/>
  <testcase name="testConsolidateUsers()" classname="com.example.project.TestBookStore" time="0.004"/>
  <system-out><![CDATA[]]></system-out>
  <system-err><![CDATA[]]></system-err>
</testsuite>
